대상 300곳 (등급 ABCD, 기등록 21곳 제외)

[1/300] — 이븐데일: 전체 홀 번호 불연속 [2, 10, 11, 12, 13, 14, 15, 16, 17, 18] (generic-loose 19홀)
[2/300] — 타이거 CC: 이미 등록된 사이트와 동일 도메인(타이거CC) — 중복 의심 (holebox 18홀)
[3/300] — 유니아일랜드 골프&스파 리조트: 홀 정보 파싱 실패(지원 유형 아님) ( 0홀)
[4/300] — 세레니티 강촌 CC: 홀 정보 파싱 실패(지원 유형 아님) ( 0홀)
[5/300] — K밸리컨트리클럽: 홀 정보 파싱 실패(지원 유형 아님) ( 0홀)
[6/300] ✅ 그린골프클럽: 등록 완료 (generic 9홀)
[7/300] — 베이스타즈 CC: 홀 정보 파싱 실패(지원 유형 아님) ( 0홀)
[8/300] — 알프스대영CC: 홀 정보 파싱 실패(지원 유형 아님) ( 0홀)
[9/300] — 진양밸리GC: 홀 정보 파싱 실패(지원 유형 아님) ( 0홀)
[10/300] — 칠곡아이위시CC: 홀 정보 파싱 실패(지원 유형 아님) ( 0홀)
[11/300] — 한맥 C.C & 노블리아: 이미 등록된 사이트와 동일 도메인(하이망 CC점) — 중복 의심 (generic-loose 18홀)
[12/300] — 해피니스 CC: 홀 수 불일치 (파싱 36 vs 공식 18) (generic 36홀)
[13/300] — 샴발라 CC: 홀 정보 파싱 실패(지원 유형 아님) ( 0홀)
[14/300] — 일레븐 CC: 이미 등록된 사이트와 동일 도메인(일레븐CC) — 중복 의심 (generic 18홀)
[15/300] — 내장산골프&리조트: 홀 정보 파싱 실패(지원 유형 아님) ( 0홀)
[16/300] — 파미힐스CC: 홀 정보 파싱 실패(지원 유형 아님) ( 0홀)
[17/300] — 구니 CC: 홀 정보 파싱 실패(지원 유형 아님) ( 0홀)
[18/300] — 레이크 골프 클럽: 홀 정보 파싱 실패(지원 유형 아님) ( 0홀)
[19/300] — 레이크사이드CC: OUT1 이미지가 홀맵 형태 아님 (perhole 18홀)
[20/300] — 우정힐스CC: 홀 정보 파싱 실패(지원 유형 아님) ( 0홀)
[21/300] — 골드나인CC: 홀 정보 파싱 실패(지원 유형 아님) ( 0홀)
[22/300] — 더 시에나 서울 CC: 벨라1 이미지가 홀맵 형태 아님 (generic 18홀)
[23/300] — 링크나인 골프클럽: OUT1 이미지가 홀맵 형태 아님 (generic 9홀)
[24/300] — 보령베이스CC: COURSEX1 이미지가 홀맵 형태 아님 (perhole 9홀)
[25/300] — 보성에덴CC: 홀 정보 파싱 실패(지원 유형 아님) ( 0홀)
[26/300] — 속리산 CC: 홀 정보 파싱 실패(지원 유형 아님) ( 0홀)
[27/300] — 에코랜드 GC: 홀 정보 파싱 실패(지원 유형 아님) ( 0홀)
[28/300] — 에콜리안CC 거창: 개인정보처리방침 9홀 파 합계 32 비정상 (generic 9홀)
[29/300] — 에콜리안광산CC: 개인정보처리방침 9홀 파 합계 32 비정상 (generic 9홀)
[30/300] — 에콜리안영광CC: 개인정보처리방침 9홀 파 합계 32 비정상 (generic 9홀)
[31/300] — 에콜리안 정선CC: 개인정보처리방침 9홀 파 합계 32 비정상 (generic 9홀)
[32/300] — 이스턴컨트리클럽: 홀 정보 파싱 실패(지원 유형 아님) ( 0홀)
[33/300] — 인천국제CC: OUT1 이미지가 홀맵 형태 아님 (perhole 18홀)
[34/300] — 젠스필드CC: 홀 정보 파싱 실패(지원 유형 아님) ( 0홀)
[35/300] — 파나시아골프클럽: 홀 정보 파싱 실패(지원 유형 아님) ( 0홀)
[36/300] — 화성골프클럽: OUT 9홀 파 합계 45 비정상 (generic-loose 9홀)
[37/300] — 페럼클럽: 홀 정보 파싱 실패(지원 유형 아님) ( 0홀)
[38/300] — 캐슬렉스서울GC: 홀 정보 파싱 실패(지원 유형 아님) ( 0홀)
[39/300] — 고양 CC: 코스소개1 이미지가 홀맵 형태 아님 (generic-loose 9홀)
[40/300] — 마스터피스 CC: 홀 정보 파싱 실패(지원 유형 아님) ( 0홀)
[41/300] — 써닝포인트 CC: 이미 등록된 사이트와 동일 도메인(써닝포인트CC) — 중복 의심 (generic 18홀)
[42/300] — 테디밸리CC: 홀 정보 파싱 실패(지원 유형 아님) ( 0홀)
[43/300] — 한성CC: 홀 정보 파싱 실패(지원 유형 아님) ( 0홀)
[44/300] — 남부CC: 홀 정보 파싱 실패(지원 유형 아님) ( 0홀)
[45/300] — 동래배네스트CC: 홀 정보 파싱 실패(지원 유형 아님) ( 0홀)
[46/300] — 태기산CC: KOR 홀 번호 불연속 [1, 2, 3, 4, 5, 9, 10] (generic 7홀)
[47/300] — 떼제베 골프장(TGV CC): 홀 정보 파싱 실패(지원 유형 아님) ( 0홀)
[48/300] — 자유로 CC: 홀 정보 파싱 실패(지원 유형 아님) ( 0홀)
[49/300] — 제이퍼블릭골프클럽: 홀 정보 파싱 실패(지원 유형 아님) ( 0홀)
[50/300] — 뉴코리아 CC: 홀 정보 파싱 실패(지원 유형 아님) ( 0홀)
[51/300] — 동도센트리움골프클럽: 홀 정보 파싱 실패(지원 유형 아님) ( 0홀)
[52/300] — 백제 CC: 홀 정보 파싱 실패(지원 유형 아님) ( 0홀)
[53/300] — 태디밸리 골프 리조트: 홀 정보 파싱 실패(지원 유형 아님) ( 0홀)
[54/300] — OK CC: 홀 정보 파싱 실패(지원 유형 아님) ( 0홀)
[55/300] — 고창CC: 홀 수 불일치 (파싱 9 vs 공식 18) (generic 9홀)
[56/300] — 대영힐스컨트리클럽: 홀 정보 파싱 실패(지원 유형 아님) ( 0홀)
[57/300] — 대한골프클럽: 홀 정보 파싱 실패(지원 유형 아님) ( 0홀)
[58/300] — 더힐컨트리클럽: OUT1 이미지가 홀맵 형태 아님 (perhole 9홀)
[59/300] — 고창칸트리클럽: 홀 수 불일치 (파싱 9 vs 공식 18) (generic 9홀)
[60/300] — 그랜드CC: 홀 정보 파싱 실패(지원 유형 아님) ( 0홀)
[61/300] — 라싸 GC: 홀 정보 파싱 실패(지원 유형 아님) ( 0홀)
[62/300] — 송도GC: 홀 정보 파싱 실패(지원 유형 아님) ( 0홀)
[63/300] — 예미지 실내골프장: 홀 수가 9의 배수 아님 (8) (generic-loose 8홀)
[64/300] — 한림광릉 CC: 홀 정보 파싱 실패(지원 유형 아님) ( 0홀)
[65/300] — JNJ: 홀 정보 파싱 실패(지원 유형 아님) ( 0홀)
[66/300] — 남안동컨트리클럽: 홀 정보 파싱 실패(지원 유형 아님) ( 0홀)
[67/300] — 다이아몬드 CC: 홀 수 불일치 (파싱 9 vs 공식 18) (generic-loose 9홀)
[68/300] — 레인보우힐스CC: 홀 정보 파싱 실패(지원 유형 아님) ( 0홀)
[69/300] — 밀양노벨CC: 홀 정보 파싱 실패(지원 유형 아님) ( 0홀)
[70/300] — 서라벌골프클럽: 레이크1 이미지가 홀맵 형태 아님 (generic-loose 9홀)
[71/300] — 서원밸리CC: 홀 정보 파싱 실패(지원 유형 아님) ( 0홀)
[72/300] — 소노펠리체CC 비발디파크 WEST: 홀 정보 파싱 실패(지원 유형 아님) ( 0홀)
[73/300] — 솔모로 CC: 홀 정보 파싱 실패(지원 유형 아님) ( 0홀)
[74/300] — 스타CC: 홀 정보 파싱 실패(지원 유형 아님) ( 0홀)
[75/300] — 아네스빌CC: OUT1 이미지가 홀맵 형태 아님 (generic 9홀)
[76/300] — 알펜시아 700 GC: 홀 정보 파싱 실패(지원 유형 아님) ( 0홀)
[77/300] — 알펜시아 트룬CC: 홀 정보 파싱 실패(지원 유형 아님) ( 0홀)
[78/300] — 캐슬렉스 제주 GC: 홀 정보 파싱 실패(지원 유형 아님) ( 0홀)
[79/300] — 코리아CC: OUT1 이미지가 홀맵 형태 아님 (generic-loose 63홀)
[80/300] — 코리아CC 퍼블릭코스: OUT1 이미지가 홀맵 형태 아님 (generic-loose 63홀)
[81/300] — SG아름다운CC: 홀 정보 파싱 실패(지원 유형 아님) ( 0홀)
[82/300] — 그린힐CC: 홀 정보 파싱 실패(지원 유형 아님) ( 0홀)
[83/300] — 그린힐골프: 홀 정보 파싱 실패(지원 유형 아님) ( 0홀)
[84/300] — 남서울컨트리클럽: 홀 정보 파싱 실패(지원 유형 아님) ( 0홀)
[85/300] — 남일밸리: 홀 정보 파싱 실패(지원 유형 아님) ( 0홀)
[86/300] — 더크로스비 GC: 홀 정보 파싱 실패(지원 유형 아님) ( 0홀)
[87/300] — 돌산도코스: 홀 정보 파싱 실패(지원 유형 아님) ( 0홀)
[88/300] — 레이크우드컨트리클럽: 홀 정보 파싱 실패(지원 유형 아님) ( 0홀)
