[1] 볼카노골프앤리조트 CC: 프레임 18홀 성공 / 0 실패
[2] 구미CC: 프레임 18홀 성공 / 0 실패
[3] 세종에머슨컨트리클럽: 프레임 18홀 성공 / 0 실패
[4] 다산베아채CC: 프레임 18홀 성공 / 0 실패
[5] 라온GC: 프레임 18홀 성공 / 0 실패
[6] 신라CC: 프레임 18홀 성공 / 0 실패
[7] 타미우스 골프클럽: 프레임 18홀 성공 / 0 실패
[8] 레이크힐스용인CC: 프레임 18홀 성공 / 0 실패
[9] 용원 GC: 프레임 18홀 성공 / 0 실패
[10] 서산수컨트리클럽: 프레임 18홀 성공 / 0 실패
[11] 로드힐스CC: 프레임 18홀 성공 / 0 실패
[12] 태인컨트리클럽: 프레임 18홀 성공 / 0 실패
[13] 골프존카운티 천안: 프레임 18홀 성공 / 0 실패
[14] 다이아몬드CC: 프레임 18홀 성공 / 0 실패
[15] 오션힐스 청도GC: 프레임 18홀 성공 / 0 실패
[16] 어등산CC: 프레임 18홀 성공 / 0 실패
[17] 센추리21CC: 프레임 18홀 성공 / 0 실패
[18] 포도CC: 프레임 18홀 성공 / 0 실패
[19] 노스팜CC: 프레임 18홀 성공 / 0 실패
[20] 알프스대영CC: 프레임 18홀 성공 / 0 실패
[21] 스톤게이트CC: 프레임 18홀 성공 / 0 실패
[22] 골프존카운티 무주: 프레임 18홀 성공 / 0 실패
[23] 부산컨트리클럽: 프레임 18홀 성공 / 0 실패
[24] 베뉴지CC: 프레임 18홀 성공 / 0 실패
[25] 인서울27골프클럽: 프레임 18홀 성공 / 0 실패
[26] 테디밸리 골프&리조트: 프레임 18홀 성공 / 0 실패
[27] 아난티 중앙 골프클럽: 프레임 18홀 성공 / 0 실패
[28] 프린세스GC: 프레임 18홀 성공 / 0 실패
[29] 블루원상주CC: 프레임 18홀 성공 / 0 실패
[30] 더크로스비 골프클럽: 프레임 18홀 성공 / 0 실패
[31] 솔모로CC: 프레임 18홀 성공 / 0 실패
[32] 포웰CC: 프레임 18홀 성공 / 0 실패
[33] 에코랜드 CC: 프레임 18홀 성공 / 0 실패
[34] 모카 CC: 프레임 18홀 성공 / 0 실패
[35] 자유로CC: 프레임 18홀 성공 / 0 실패
[36] 골드레이크CC: 프레임 18홀 성공 / 0 실패
[37] 한맥 C.C & 노블리아: 프레임 18홀 성공 / 0 실패
[38] 더 시에나 CC: 프레임 18홀 성공 / 0 실패
[39] 360도CC: 프레임 18홀 성공 / 0 실패
[40] 리베라CC: 프레임 18홀 성공 / 0 실패
[41] 포레스트CC: 프레임 18홀 성공 / 0 실패
[42] 베이스타즈CC: 프레임 18홀 성공 / 0 실패
[43] 동훈힐마루CC: 프레임 18홀 성공 / 18 실패
[44] 스프링데일CC: 프레임 18홀 성공 / 0 실패
[45] 한원컨트리클럽: 프레임 18홀 성공 / 0 실패
[46] 코스모스 링스: 프레임 18홀 성공 / 0 실패
[47] 부곡컨트리클럽: 프레임 18홀 성공 / 0 실패
[48] 파인리즈CC: 프레임 18홀 성공 / 0 실패
[49] 세레니티 강촌 CC: 프레임 18홀 성공 / 0 실패
[50] 클럽디보은CC: 프레임 18홀 성공 / 0 실패
[51] 해내다 CC: 프레임 18홀 성공 / 0 실패
[52] 오너스GC: 프레임 18홀 성공 / 0 실패
[53] 통영 동원로얄 CC: 프레임 18홀 성공 / 0 실패
[54] 샤인데일골프리조트: 프레임 18홀 성공 / 0 실패
[55] 라싸 GC: 프레임 18홀 성공 / 0 실패
[56] 캐슬렉스 제주CC: 프레임 18홀 성공 / 0 실패
[57] 골프존카운티 영암45: 프레임 18홀 성공 / 0 실패
[58] 벨라 45 CC: 프레임 18홀 성공 / 0 실패
[59] 필로스CC: 프레임 18홀 성공 / 0 실패
[60] 한림광릉CC(회원제): 프레임 18홀 성공 / 0 실패
[61] 크리스탈밸리 골프클럽: 프레임 18홀 성공 / 0 실패
[62] 휘닉스평창 CC: 프레임 18홀 성공 / 0 실패
[63] 통도 파인이스트 컨트리클럽: 프레임 18홀 성공 / 0 실패
[64] 디오션CC: 프레임 18홀 성공 / 0 실패
[65] 보문골프클럽: 프레임 18홀 성공 / 0 실패
[66] 코브스윙: 프레임 18홀 성공 / 0 실패
[67] 파인스톤 CC: 프레임 18홀 성공 / 0 실패
[68] 골프존카운티 선산: 프레임 18홀 성공 / 0 실패
[69] 중원GC: 프레임 18홀 성공 / 0 실패
[70] 오르비스GC: 프레임 18홀 성공 / 0 실패
[71] 하이원CC: 프레임 18홀 성공 / 0 실패
[72] 웨스트오션CC: 프레임 18홀 성공 / 0 실패
[73] 아리지CC: 프레임 18홀 성공 / 0 실패
[74] 밀양에스파크컨트리클럽: 프레임 18홀 성공 / 0 실패
[75] 스카이뷰CC: 프레임 18홀 성공 / 0 실패
[76] 골든베이골프&리조트: 프레임 18홀 성공 / 0 실패
[77] 해피니스CC: 프레임 18홀 성공 / 0 실패
[78] 소노펠리체CC 델피노: 프레임 18홀 성공 / 0 실패
[79] 골프존카운티 감포: 프레임 18홀 성공 / 0 실패
[80] 보라컨트리클럽: 프레임 18홀 성공 / 0 실패
[81] 포천힐스 CC: 프레임 18홀 성공 / 9 실패
[82] 서경타니CC: 프레임 18홀 성공 / 0 실패
[83] 뉴스프링빌CC 이천: 프레임 18홀 성공 / 0 실패
[84] 에버리스CC: 프레임 18홀 성공 / 0 실패
[85] 고성노벨CC: 프레임 18홀 성공 / 0 실패
[86] 해운대컨트리클럽: 프레임 18홀 성공 / 0 실패
[87] 남촌CC: 프레임 18홀 성공 / 0 실패
[88] 솔라고컨트리클럽: 프레임 18홀 성공 / 0 실패
[89] 클럽디속리산: 프레임 18홀 성공 / 0 실패
[90] 알펜시아700GC: 프레임 18홀 성공 / 0 실패
[91] 블랙스톤 벨포레CC: 프레임 18홀 성공 / 0 실패
[92] 한탄강CC: 프레임 18홀 성공 / 0 실패
[93] 남여주GC: 프레임 18홀 성공 / 0 실패
[94] 오션힐스 포항CC: 프레임 18홀 성공 / 0 실패
[95] 파크밸리GC: 프레임 18홀 성공 / 0 실패
[96] 해솔리아CC: 프레임 18홀 성공 / 0 실패
[97] 크리스밸리 CC: 프레임 18홀 성공 / 0 실패
[98] 아리스타CC: 프레임 18홀 성공 / 0 실패
[99] 골프존카운티 구미: 프레임 18홀 성공 / 0 실패
[100] 로얄링스 CC: 프레임 18홀 성공 / 0 실패
[101] 그린필드 CC: 프레임 18홀 성공 / 0 실패
[102] 골프존카운티 선운: 프레임 18홀 성공 / 0 실패
[103] 동원썬밸리CC: 프레임 18홀 성공 / 0 실패
[104] 오라CC: 프레임 18홀 성공 / 0 실패
[105] 골프존카운티 더골프: 프레임 18홀 성공 / 0 실패
[106] 대구컨트리클럽 (Daegue Country Club): 프레임 18홀 성공 / 0 실패
[107] 용인CC: 프레임 18홀 성공 / 0 실패
[108] 파라지오 컨트리클럽: 프레임 18홀 성공 / 0 실패
[109] 벨라스톤 CC: 프레임 18홀 성공 / 0 실패
[110] 킹즈락 CC: 프레임 18홀 성공 / 0 실패
[111] 해비치CC: 프레임 18홀 성공 / 0 실패
[112] 엠스클럽의성컨트리클럽: 프레임 18홀 성공 / 0 실패
[113] 팔공컨트리클럽: 프레임 18홀 성공 / 0 실패
[114] 서원힐스CC: 프레임 18홀 성공 / 0 실패
[115] 사우스스프링스CC: 프레임 18홀 성공 / 0 실패
[116] 골프존카운티 청통: 프레임 18홀 성공 / 0 실패
[117] 가야CC: 프레임 18홀 성공 / 0 실패
[118] 안동레이크골프클럽: 프레임 18홀 성공 / 0 실패
[119] 자유CC: 프레임 18홀 성공 / 0 실패
[120] 장수골프리조트: 프레임 18홀 성공 / 0 실패
[121] 마론 CC: 프레임 18홀 성공 / 0 실패
[122] 베어크리크G.C: 프레임 18홀 성공 / 0 실패
[123] 더 시에나 서울 CC: 프레임 18홀 성공 / 0 실패
[124] 윈체스트GC: 프레임 18홀 성공 / 0 실패
[125] 포항CC: 프레임 18홀 성공 / 0 실패
[126] 동촌GC: 프레임 18홀 성공 / 0 실패
[127] 엘리체컨트리클럽: 프레임 18홀 성공 / 0 실패
[128] 루나힐스안성컨트리클럽: 프레임 18홀 성공 / 0 실패
[129] 골프존카운티 진천: 프레임 18홀 성공 / 0 실패
[130] 비에이비스타CC: 프레임 18홀 성공 / 0 실패
[131] 무안클린밸리CC: 프레임 18홀 성공 / 0 실패
[132] 포라이즌CC: 프레임 18홀 성공 / 0 실패
[133] 해운대비치골프&리조트: 프레임 18홀 성공 / 0 실패
[134] 구니컨트리클럽: 프레임 18홀 성공 / 0 실패
[135] 대영베이스컨트리클럽: 프레임 18홀 성공 / 0 실패
[136] 양산동원로얄컨트리클럽: 프레임 18홀 성공 / 0 실패
[137] 골프존카운티 사천: 프레임 18홀 성공 / 0 실패
[138] 세븐밸리CC: 프레임 18홀 성공 / 0 실패
[139] 무안CC: 프레임 18홀 성공 / 0 실패
[140] 이븐데일CC: 프레임 18홀 성공 / 0 실패
[141] 드림파크CC: 프레임 18홀 성공 / 0 실패
[142] 상떼힐익산CC: 프레임 18홀 성공 / 0 실패
[143] 코스카CC: 프레임 18홀 성공 / 0 실패
[144] 클럽모우CC: 프레임 18홀 성공 / 0 실패
[145] 김제스파힐스CC: 프레임 18홀 성공 / 0 실패
[146] 여수시티파크리조트: 프레임 18홀 성공 / 0 실패
[147] 문경GC: 프레임 18홀 성공 / 0 실패
[148] 오션힐스 영천CC: 프레임 18홀 성공 / 0 실패
[149] 플라자CC 설: 프레임 18홀 성공 / 0 실패
[150] 롯데스카이힐CC: 프레임 18홀 성공 / 0 실패
[151] 썬밸리CC: 프레임 18홀 성공 / 0 실패
[152] 골프존카운티 경남: 프레임 18홀 성공 / 0 실패
[153] 마우나오션CC: 프레임 18홀 성공 / 0 실패
[154] 가평베네스트GC: 프레임 18홀 성공 / 0 실패
[155] 롯데스카이힐 성주CC: 프레임 18홀 성공 / 0 실패
[156] 써미트컨트리클럽: 프레임 18홀 성공 / 0 실패
[157] 아크로 컨트리클럽: 프레임 18홀 성공 / 0 실패
[158] 오투리조트 CC: 프레임 18홀 성공 / 0 실패
[159] 스톤비치컨트리클럽: 프레임 18홀 성공 / 0 실패
[160] 오션비치CC: 프레임 18홀 성공 / 0 실패
[161] 마스터피스컨트리클럽: 프레임 18홀 성공 / 0 실패
[162] 클럽디거창CC: 프레임 18홀 성공 / 0 실패
[163] 핀크스 GC: 프레임 18홀 성공 / 0 실패
[164] 울진마린CC: 프레임 18홀 성공 / 0 실패
[165] 울산컨트리클럽: 프레임 18홀 성공 / 0 실패
[166] 골프존카운티 드래곤: 프레임 18홀 성공 / 0 실패
[167] 플라밍고 CC: 프레임 18홀 성공 / 0 실패
[168] 캐슬파인GC: 프레임 18홀 성공 / 0 실패
[169] 세레니티CC: 프레임 18홀 성공 / 0 실패
[170] 오로라 골프&리조트: 프레임 18홀 성공 / 0 실패
[171] 화순CC: 프레임 18홀 성공 / 0 실패
[172] 임페리얼레이크CC: 프레임 18홀 성공 / 0 실패
[173] 탑스텐리조트 동강시스타CC: 프레임 18홀 성공 / 0 실패
[174] 석정힐CC: 프레임 18홀 성공 / 0 실패
[175] 이지스카이CC: 프레임 18홀 성공 / 0 실패
[176] 지산CC: 프레임 18홀 성공 / 0 실패
[177] 로얄포레컨트리클럽: 프레임 18홀 성공 / 0 실패
[178] 리더스컨트리클럽: 프레임 18홀 성공 / 0 실패
[179] 골프존카운티 순천: 프레임 18홀 성공 / 0 실패
[180] 힐데스하임 CC: 프레임 18홀 성공 / 0 실패
[181] 대호단양CC: 프레임 18홀 성공 / 0 실패
[182] 티클라우드CC: 프레임 18홀 성공 / 0 실패
[183] 아델스코트CC: 프레임 18홀 성공 / 0 실패
[184] 보성CC: 프레임 18홀 성공 / 0 실패
[185] 스카이밸리CC: 프레임 18홀 성공 / 0 실패
[186] 블루원 용인CC: 프레임 18홀 성공 / 0 실패
[187] 소피아그린CC: 프레임 18홀 성공 / 0 실패
[188] 해비치 제주: 프레임 18홀 성공 / 0 실패
[189] 마이다스레이크이천 골프앤리조트: 프레임 18홀 성공 / 0 실패
[190] 설악썬밸리CC: 프레임 18홀 성공 / 0 실패
[191] 이스트힐CC: 프레임 18홀 성공 / 0 실패
[192] 라헨느골프리조트: 프레임 18홀 성공 / 0 실패
[193] 용인플라자CC: 프레임 18홀 성공 / 0 실패
[194] 고창CC: 프레임 18홀 성공 / 0 실패
[195] 골프존카운티 화랑: 프레임 18홀 성공 / 0 실패
[196] 의령리온CC: 프레임 18홀 성공 / 0 실패
[197] 샤인빌파크CC-PALM코스: 프레임 18홀 성공 / 0 실패
[198] 칼레이트CC: 프레임 18홀 성공 / 0 실패
[199] 백제컨트리클럽: 프레임 18홀 성공 / 0 실패
[200] 마이다스밸리 청평 GC: 프레임 18홀 성공 / 0 실패
[201] 이글몬트CC: 프레임 18홀 성공 / 0 실패
[202] 신원CC: 프레임 18홀 성공 / 0 실패
[203] 푸른솔GC 장성: 프레임 18홀 성공 / 0 실패
[204] 모나크CC: 프레임 18홀 성공 / 0 실패
[205] 골프존카운티 이든: 프레임 18홀 성공 / 0 실패
[206] 에이치원클럽: 프레임 18홀 성공 / 0 실패
[207] 골프존카운티 안성H: 프레임 18홀 성공 / 0 실패
[208] JNJ골프리조트: 프레임 18홀 성공 / 0 실패
[209] 골프클럽Q: 프레임 18홀 성공 / 0 실패
[210] 김포 SEASIDE: 프레임 18홀 성공 / 0 실패
[211] 양평TPC골프클럽: 프레임 18홀 성공 / 0 실패
[212] 골프존카운티 안성W: 프레임 18홀 성공 / 0 실패
[213] YJC골프클럽: 프레임 18홀 성공 / 0 실패

완료: 213구장 · 성공 3834홀 · 실패 27홀
