[1] 볼카노골프앤리조트 CC: 프레임 18홀 성공 / 0 실패
[2] 구미CC: 프레임 18홀 성공 / 0 실패
[3] 세종에머슨컨트리클럽: 프레임 18홀 성공 / 0 실패
[4] 다산베아채CC: 프레임 18홀 성공 / 0 실패
[5] 라온GC: 프레임 18홀 성공 / 0 실패
[6] 타미우스 골프클럽: 프레임 18홀 성공 / 0 실패
[7] 용원 GC: 프레임 18홀 성공 / 0 실패
[8] 서산수컨트리클럽: 프레임 18홀 성공 / 0 실패
[9] 태인컨트리클럽: 프레임 18홀 성공 / 0 실패
[10] 골프존카운티 천안: 프레임 18홀 성공 / 0 실패
[11] 다이아몬드CC: 프레임 18홀 성공 / 0 실패
[12] 오션힐스 청도GC: 프레임 18홀 성공 / 0 실패
[13] 어등산CC: 프레임 18홀 성공 / 0 실패
[14] 센추리21CC: 프레임 18홀 성공 / 0 실패
[15] 포도CC: 프레임 18홀 성공 / 0 실패
[16] 노스팜CC: 프레임 18홀 성공 / 0 실패
[17] 골프장: 프레임 18홀 성공 / 0 실패
[18] 스톤게이트CC: 프레임 18홀 성공 / 0 실패
[19] 골프존카운티 무주: 프레임 18홀 성공 / 0 실패
[20] 부산컨트리클럽: 프레임 18홀 성공 / 0 실패
[21] 베뉴지CC: 프레임 18홀 성공 / 0 실패
[22] 인서울27골프클럽: 프레임 18홀 성공 / 0 실패
[23] 아난티 중앙 골프클럽: 프레임 18홀 성공 / 0 실패
[24] 블루원상주CC: 프레임 18홀 성공 / 0 실패
[25] 더크로스비 골프클럽: 프레임 18홀 성공 / 0 실패
[26] 솔모로CC: 프레임 18홀 성공 / 0 실패
[27] 에코랜드 CC: 프레임 18홀 성공 / 0 실패
[28] 모카 CC: 프레임 18홀 성공 / 0 실패
[29] 골드레이크CC: 프레임 18홀 성공 / 0 실패
[30] 한맥 C.C & 노블리아: 프레임 18홀 성공 / 0 실패
[31] 더 시에나 CC: 프레임 18홀 성공 / 0 실패
[32] 360도CC: 프레임 18홀 성공 / 0 실패
[33] 리베라CC: 프레임 18홀 성공 / 0 실패
[34] 베이스타즈CC: 프레임 18홀 성공 / 0 실패
[35] 동훈힐마루CC: 프레임 18홀 성공 / 18 실패
[36] 스프링데일CC: 프레임 18홀 성공 / 0 실패
[37] 한원컨트리클럽: 프레임 18홀 성공 / 0 실패
[38] 코스모스 링스: 프레임 18홀 성공 / 0 실패
[39] 부곡컨트리클럽: 프레임 18홀 성공 / 0 실패
[40] 파인리즈CC: 프레임 18홀 성공 / 0 실패
[41] 클럽디보은CC: 프레임 18홀 성공 / 0 실패
[42] 해내다 CC: 프레임 18홀 성공 / 0 실패
[43] 오너스GC: 프레임 18홀 성공 / 0 실패
[44] 통영 동원로얄 CC: 프레임 18홀 성공 / 0 실패
[45] 샤인데일골프리조트: 프레임 18홀 성공 / 0 실패
[46] 라싸 GC: 프레임 18홀 성공 / 0 실패
[47] 캐슬렉스 제주CC: 프레임 18홀 성공 / 0 실패
[48] 골프존카운티 영암45: 프레임 18홀 성공 / 0 실패
[49] 벨라 45 CC: 프레임 18홀 성공 / 0 실패
[50] 필로스CC: 프레임 18홀 성공 / 0 실패
[51] 한림광릉CC(회원제): 프레임 18홀 성공 / 0 실패
[52] 크리스탈밸리 골프클럽: 프레임 18홀 성공 / 0 실패
[53] 통도 파인이스트 컨트리클럽: 프레임 18홀 성공 / 0 실패
[54] 디오션CC: 프레임 18홀 성공 / 0 실패
[55] 보문골프클럽: 프레임 18홀 성공 / 0 실패
[56] 코브스윙: 프레임 18홀 성공 / 0 실패
[57] 파인스톤 CC: 프레임 18홀 성공 / 0 실패
[58] 골프존카운티 선산: 프레임 18홀 성공 / 0 실패
[59] 중원GC: 프레임 18홀 성공 / 0 실패
[60] 오르비스GC: 프레임 18홀 성공 / 0 실패
[61] 하이원CC: 프레임 18홀 성공 / 0 실패
[62] 웨스트오션CC: 프레임 18홀 성공 / 0 실패
[63] 아리지CC: 프레임 18홀 성공 / 0 실패
[64] 스카이뷰CC: 프레임 18홀 성공 / 0 실패
[65] 해피니스CC: 프레임 18홀 성공 / 0 실패
[66] 소노펠리체CC 델피노: 프레임 18홀 성공 / 0 실패
[67] 골프존카운티 감포: 프레임 18홀 성공 / 0 실패
[68] 보라컨트리클럽: 프레임 18홀 성공 / 0 실패
[69] 포천힐스 CC: 프레임 18홀 성공 / 9 실패
[70] 에버리스CC: 프레임 18홀 성공 / 0 실패
[71] 해운대컨트리클럽: 프레임 18홀 성공 / 0 실패
[72] 남촌CC: 프레임 18홀 성공 / 0 실패
[73] 솔라고컨트리클럽: 프레임 18홀 성공 / 0 실패
[74] 알펜시아700GC: 프레임 18홀 성공 / 0 실패
[75] 블랙스톤 벨포레CC: 프레임 18홀 성공 / 0 실패
[76] 한탄강CC: 프레임 18홀 성공 / 0 실패
[77] 남여주GC: 프레임 18홀 성공 / 0 실패
[78] 오션힐스 포항CC: 프레임 18홀 성공 / 0 실패
[79] 파크밸리GC: 프레임 18홀 성공 / 0 실패
[80] 해솔리아CC: 프레임 18홀 성공 / 0 실패
[81] 크리스밸리 CC: 프레임 18홀 성공 / 0 실패
[82] 아리스타CC: 프레임 18홀 성공 / 0 실패
[83] 로얄링스 CC: 프레임 18홀 성공 / 0 실패
[84] 그린필드 CC: 프레임 18홀 성공 / 0 실패
[85] 골프존카운티 선운: 프레임 18홀 성공 / 0 실패
[86] 동원썬밸리CC: 프레임 18홀 성공 / 0 실패
[87] 골프존카운티 더골프: 프레임 18홀 성공 / 0 실패
[88] 대구컨트리클럽 (Daegue Country Club): 프레임 18홀 성공 / 0 실패
[89] 용인CC: 프레임 18홀 성공 / 0 실패
[90] 파라지오 컨트리클럽: 프레임 18홀 성공 / 0 실패
[91] 벨라스톤 CC: 프레임 18홀 성공 / 0 실패
[92] 킹즈락 CC: 프레임 18홀 성공 / 0 실패
[93] 엠스클럽의성컨트리클럽: 프레임 18홀 성공 / 0 실패
[94] 팔공컨트리클럽: 프레임 18홀 성공 / 0 실패
[95] 서원힐스CC: 프레임 18홀 성공 / 0 실패
[96] 사우스스프링스CC: 프레임 18홀 성공 / 0 실패
[97] 골프존카운티 청통: 프레임 18홀 성공 / 0 실패
[98] 가야CC: 프레임 18홀 성공 / 0 실패
[99] 안동레이크골프클럽: 프레임 18홀 성공 / 0 실패
[100] 자유CC: 프레임 18홀 성공 / 0 실패
[101] 장수골프리조트: 프레임 18홀 성공 / 0 실패
[102] 윈체스트GC: 프레임 18홀 성공 / 0 실패
[103] 포항CC: 프레임 18홀 성공 / 0 실패
[104] 동촌GC: 프레임 18홀 성공 / 0 실패
[105] 골프존카운티 진천: 프레임 18홀 성공 / 0 실패
[106] 비에이비스타CC: 프레임 18홀 성공 / 0 실패
[107] 무안클린밸리CC: 프레임 18홀 성공 / 0 실패
[108] 포라이즌CC: 프레임 18홀 성공 / 0 실패
[109] 구니컨트리클럽: 프레임 18홀 성공 / 0 실패
[110] 대영베이스컨트리클럽: 프레임 18홀 성공 / 0 실패
[111] 양산동원로얄컨트리클럽: 프레임 18홀 성공 / 0 실패
[112] 골프존카운티 사천: 프레임 18홀 성공 / 0 실패
[113] 세븐밸리CC: 프레임 18홀 성공 / 0 실패
[114] 무안CC: 프레임 18홀 성공 / 0 실패
[115] 이븐데일CC: 프레임 18홀 성공 / 0 실패
[116] 드림파크CC: 프레임 18홀 성공 / 0 실패
[117] 상떼힐익산CC: 프레임 18홀 성공 / 0 실패
[118] 코스카CC: 프레임 18홀 성공 / 0 실패
[119] 클럽모우CC: 프레임 18홀 성공 / 0 실패
[120] 김제스파힐스CC: 프레임 18홀 성공 / 0 실패
[121] 여수시티파크리조트: 프레임 18홀 성공 / 0 실패
[122] 문경GC: 프레임 18홀 성공 / 0 실패
[123] 오션힐스 영천CC: 프레임 18홀 성공 / 0 실패
[124] 썬밸리CC: 프레임 18홀 성공 / 0 실패
[125] 골프존카운티 경남: 프레임 18홀 성공 / 0 실패
[126] 마우나오션CC: 프레임 18홀 성공 / 0 실패
[127] 가평베네스트GC: 프레임 18홀 성공 / 0 실패
[128] 써미트컨트리클럽: 프레임 18홀 성공 / 0 실패
[129] 아크로 컨트리클럽: 프레임 18홀 성공 / 0 실패
[130] 스톤비치컨트리클럽: 프레임 18홀 성공 / 0 실패
[131] 오션비치CC: 프레임 18홀 성공 / 0 실패
[132] 마스터피스컨트리클럽: 프레임 18홀 성공 / 0 실패
[133] 클럽디거창CC: 프레임 18홀 성공 / 0 실패
[134] 핀크스 GC: 프레임 18홀 성공 / 0 실패
[135] 울진마린CC: 프레임 18홀 성공 / 0 실패
[136] 울산컨트리클럽: 프레임 18홀 성공 / 0 실패
[137] 골프존카운티 드래곤: 프레임 18홀 성공 / 0 실패
[138] 플라밍고 CC: 프레임 18홀 성공 / 0 실패
[139] 캐슬파인GC: 프레임 18홀 성공 / 0 실패
[140] 오로라 골프&리조트: 프레임 18홀 성공 / 0 실패
[141] 화순CC: 프레임 18홀 성공 / 0 실패
[142] 임페리얼레이크CC: 프레임 18홀 성공 / 0 실패
[143] 석정힐CC: 프레임 18홀 성공 / 0 실패
[144] 이지스카이CC: 프레임 18홀 성공 / 0 실패
[145] 지산CC: 프레임 18홀 성공 / 0 실패
[146] 로얄포레컨트리클럽: 프레임 18홀 성공 / 0 실패
[147] 리더스컨트리클럽: 프레임 18홀 성공 / 0 실패
[148] 힐데스하임 CC: 프레임 18홀 성공 / 0 실패
[149] 대호단양CC: 프레임 18홀 성공 / 0 실패
[150] 티클라우드CC: 프레임 18홀 성공 / 0 실패
[151] 아델스코트CC: 프레임 18홀 성공 / 0 실패
[152] 보성CC: 프레임 18홀 성공 / 0 실패
[153] 스카이밸리CC: 프레임 18홀 성공 / 0 실패
[154] 블루원 용인CC: 프레임 18홀 성공 / 0 실패
[155] 소피아그린CC: 프레임 18홀 성공 / 0 실패
[156] 마이다스레이크이천 골프앤리조트: 프레임 18홀 성공 / 0 실패
[157] 설악썬밸리CC: 프레임 18홀 성공 / 0 실패
[158] 이스트힐CC: 프레임 18홀 성공 / 0 실패
[159] 라헨느골프리조트: 프레임 18홀 성공 / 0 실패
[160] 골프존카운티 화랑: 프레임 18홀 성공 / 0 실패
[161] 의령리온CC: 프레임 18홀 성공 / 0 실패
[162] 칼레이트CC: 프레임 18홀 성공 / 0 실패
[163] 백제컨트리클럽: 프레임 18홀 성공 / 0 실패
[164] 마이다스밸리 청평 GC: 프레임 18홀 성공 / 0 실패
[165] 이글몬트CC: 프레임 18홀 성공 / 0 실패
[166] 신원CC: 프레임 18홀 성공 / 0 실패
[167] 푸른솔GC 장성: 프레임 18홀 성공 / 0 실패
[168] 모나크CC: 프레임 18홀 성공 / 0 실패
[169] 골프존카운티 이든: 프레임 18홀 성공 / 0 실패
[170] 골프장: 프레임 18홀 성공 / 0 실패
[171] JNJ골프리조트: 프레임 18홀 성공 / 0 실패
[172] 골프클럽Q: 프레임 18홀 성공 / 0 실패
[173] 김포 SEASIDE: 프레임 18홀 성공 / 0 실패
[174] 양평TPC골프클럽: 프레임 18홀 성공 / 0 실패
[175] YJC골프클럽: 프레임 18홀 성공 / 0 실패

완료: 175구장 · 성공 3150홀 · 실패 27홀
